TN:
SF:src\modules\http.js
FN:6,(anonymous_0)
FN:11,(anonymous_1)
FN:19,(anonymous_2)
FN:28,(anonymous_3)
FN:36,(anonymous_4)
FN:47,(anonymous_5)
FN:58,(anonymous_6)
FNF:7
FNH:4
FNDA:1,(anonymous_0)
FNDA:1,(anonymous_1)
FNDA:1,(anonymous_2)
FNDA:1,(anonymous_3)
FNDA:0,(anonymous_4)
FNDA:0,(anonymous_5)
FNDA:0,(anonymous_6)
DA:4,1
DA:6,1
DA:7,1
DA:8,1
DA:11,1
DA:12,1
DA:16,0
DA:19,1
DA:20,1
DA:21,1
DA:22,1
DA:23,0
DA:25,0
DA:28,1
DA:29,1
DA:30,0
DA:33,0
DA:36,1
DA:37,0
DA:38,0
DA:47,1
DA:48,0
DA:49,0
DA:55,0
DA:58,1
DA:59,0
DA:60,0
DA:69,0
LF:28
LH:15
BRDA:21,0,0,1
BRDA:21,0,1,0
BRF:2
BRH:1
end_of_record
TN:
SF:src\modules\involvementStore.js
FN:9,(anonymous_0)
FN:19,(anonymous_1)
FN:21,(anonymous_2)
FN:26,(anonymous_3)
FN:31,(anonymous_4)
FN:43,(anonymous_5)
FNF:6
FNH:2
FNDA:1,(anonymous_0)
FNDA:12,(anonymous_1)
FNDA:0,(anonymous_2)
FNDA:0,(anonymous_3)
FNDA:0,(anonymous_4)
FNDA:0,(anonymous_5)
DA:5,1
DA:7,1
DA:10,1
DA:11,0
DA:12,0
DA:13,0
DA:14,0
DA:16,0
DA:20,12
DA:21,0
DA:23,12
DA:27,0
DA:28,0
DA:32,0
DA:33,0
DA:34,0
DA:35,0
DA:36,0
DA:37,0
DA:38,0
DA:40,0
DA:44,0
DA:45,0
DA:46,0
LF:24
LH:5
BRDA:12,0,0,0
BRDA:12,0,1,0
BRDA:23,1,0,12
BRDA:23,1,1,0
BRDA:23,1,2,12
BRDA:36,2,0,0
BRDA:36,2,1,0
BRF:7
BRH:2
end_of_record
TN:
SF:src\modules\movieStore.js
FN:4,(anonymous_0)
FN:9,(anonymous_1)
FN:13,(anonymous_2)
FN:17,(anonymous_3)
FN:19,(anonymous_4)
FNF:5
FNH:3
FNDA:1,(anonymous_0)
FNDA:0,(anonymous_1)
FNDA:0,(anonymous_2)
FNDA:1,(anonymous_3)
FNDA:12,(anonymous_4)
DA:5,1
DA:6,1
DA:10,0
DA:14,0
DA:18,1
DA:19,1
DA:20,12
DA:33,1
LF:8
LH:6
BRF:0
BRH:0
end_of_record
TN:
SF:src\modules\storage.js
FN:1,(anonymous_0)
FN:5,(anonymous_1)
FN:9,(anonymous_2)
FN:11,(anonymous_3)
FNF:4
FNH:1
FNDA:0,(anonymous_0)
FNDA:0,(anonymous_1)
FNDA:1,(anonymous_2)
FNDA:0,(anonymous_3)
DA:1,1
DA:2,0
DA:5,1
DA:6,0
DA:9,1
DA:11,1
DA:12,0
LF:7
LH:4
BRF:0
BRH:0
end_of_record
